Determining if the pthread_create exist failed with the following output:
Change Dir: /home/zealgiant/MaskCheck/build/CMakeFiles/CMakeTmp

Run Build Command:"/usr/bin/make" "cmTC_59acc/fast"
/usr/bin/make -f CMakeFiles/cmTC_59acc.dir/build.make CMakeFiles/cmTC_59acc.dir/build
make[1]: Entering directory '/home/zealgiant/MaskCheck/build/CMakeFiles/CMakeTmp'
Building C object CMakeFiles/cmTC_59acc.dir/CheckSymbolExists.c.o
/usr/bin/cc   -fPIC    -o CMakeFiles/cmTC_59acc.dir/CheckSymbolExists.c.o   -c /home/zealgiant/MaskCheck/build/CMakeFiles/CMakeTmp/CheckSymbolExists.c
Linking C executable cmTC_59acc
/usr/local/bin/cmake -E cmake_link_script CMakeFiles/cmTC_59acc.dir/link.txt --verbose=1
/usr/bin/cc -fPIC     -rdynamic CMakeFiles/cmTC_59acc.dir/CheckSymbolExists.c.o  -o cmTC_59acc 
CMakeFiles/cmTC_59acc.dir/CheckSymbolExists.c.o: In function `main':
CheckSymbolExists.c:(.text+0x14): undefined reference to `pthread_create'
CheckSymbolExists.c:(.text+0x18): undefined reference to `pthread_create'
collect2: error: ld returned 1 exit status
CMakeFiles/cmTC_59acc.dir/build.make:86: recipe for target 'cmTC_59acc' failed
make[1]: *** [cmTC_59acc] Error 1
make[1]: Leaving directory '/home/zealgiant/MaskCheck/build/CMakeFiles/CMakeTmp'
Makefile:121: recipe for target 'cmTC_59acc/fast' failed
make: *** [cmTC_59acc/fast] Error 2

File /home/zealgiant/MaskCheck/build/CMakeFiles/CMakeTmp/CheckSymbolExists.c:
/* */
#include <pthread.h>

int main(int argc, char** argv)
{
  (void)argv;
#ifndef pthread_create
  return ((int*)(&pthread_create))[argc];
#else
  (void)argc;
  return 0;
#endif
}

Determining if the function pthread_create exists in the pthreads failed with the following output:
Change Dir: /home/zealgiant/MaskCheck/build/CMakeFiles/CMakeTmp

Run Build Command:"/usr/bin/make" "cmTC_89a08/fast"
/usr/bin/make -f CMakeFiles/cmTC_89a08.dir/build.make CMakeFiles/cmTC_89a08.dir/build
make[1]: Entering directory '/home/zealgiant/MaskCheck/build/CMakeFiles/CMakeTmp'
Building C object CMakeFiles/cmTC_89a08.dir/CheckFunctionExists.c.o
/usr/bin/cc   -fPIC -DCHECK_FUNCTION_EXISTS=pthread_create   -o CMakeFiles/cmTC_89a08.dir/CheckFunctionExists.c.o   -c /usr/local/share/cmake-3.13/Modules/CheckFunctionExists.c
Linking C executable cmTC_89a08
/usr/local/bin/cmake -E cmake_link_script CMakeFiles/cmTC_89a08.dir/link.txt --verbose=1
/usr/bin/cc -fPIC -DCHECK_FUNCTION_EXISTS=pthread_create    -rdynamic CMakeFiles/cmTC_89a08.dir/CheckFunctionExists.c.o  -o cmTC_89a08 -lpthreads 
/usr/bin/ld: cannot find -lpthreads
collect2: error: ld returned 1 exit status
CMakeFiles/cmTC_89a08.dir/build.make:86: recipe for target 'cmTC_89a08' failed
make[1]: *** [cmTC_89a08] Error 1
make[1]: Leaving directory '/home/zealgiant/MaskCheck/build/CMakeFiles/CMakeTmp'
Makefile:121: recipe for target 'cmTC_89a08/fast' failed
make: *** [cmTC_89a08/fast] Error 2


